Change Component Comment : Designator=R4 Old Comment=1k New Comment=4.7k
Change Component Comment : Designator=R5 Old Comment=1k New Comment=4.7k
Change Component Comment : Designator=R9 Old Comment=2.2k New Comment=1k
Change Component Comment : Designator=R13 Old Comment=2.2k New Comment=1k
Change Component Comment : Designator=R10 Old Comment=6.8k New Comment=15k
Change Component Comment : Designator=R14 Old Comment=6.8k New Comment=15k
Added Component: Designator=*(ESP32 DEVKIT)
Added Component: Designator=JP6(JP 1x4 CT)
Add component (AddParameter): Name = "Chung_Loai"; Value = "C?m"; VariantName = "[No Variations]"
Add component (AddParameter): Name = "Don_Vi"; Value = "Con"; VariantName = "[No Variations]"
Add component (AddParameter): Name = "Ghi_Chu"; Value = ""; VariantName = "[No Variations]"
Add component (AddParameter): Name = "Kieu_Chan"; Value = ""; VariantName = "[No Variations]"
Add component (AddParameter): Name = "Ma_Hang"; Value = "MH004006"; VariantName = "[No Variations]"
Add component (AddParameter): Name = "Ten_Linh_Kien"; Value = "Jump Ðõn Cái 2.54MM 1x20P Th?ng"; VariantName = "[No Variations]"
Added Component: Designator=JP7(JP 1x2 CT)
Add component (AddParameter): Name = "Chung_Loai"; Value = "C?m"; VariantName = "[No Variations]"
Add component (AddParameter): Name = "Don_Vi"; Value = "Con"; VariantName = "[No Variations]"
Add component (AddParameter): Name = "Ghi_Chu"; Value = ""; VariantName = "[No Variations]"
Add component (AddParameter): Name = "Kieu_Chan"; Value = ""; VariantName = "[No Variations]"
Add component (AddParameter): Name = "Ma_Hang"; Value = "MH004006"; VariantName = "[No Variations]"
Add component (AddParameter): Name = "Ten_Linh_Kien"; Value = "Jump Ðõn Cái 2.54MM 1x20P Th?ng"; VariantName = "[No Variations]"
Added Component: Designator=R2(tro smd 0603)
Add component (AddParameter): Name = "Chung_Loai"; Value = "Dán"; VariantName = "[No Variations]"
Add component (AddParameter): Name = "Don_Vi"; Value = "Con"; VariantName = "[No Variations]"
Add component (AddParameter): Name = "Kieu_Chan"; Value = ""; VariantName = "[No Variations]"
Add component (AddParameter): Name = "Ma_Hang"; Value = "MH006332"; VariantName = "[No Variations]"
Add component (AddParameter): Name = "So_Chan"; Value = "2"; VariantName = "[No Variations]"
Add component (AddParameter): Name = "Ten_Linh_Kien"; Value = "Tr? 0603 5% 3.3k"; VariantName = "[No Variations]"
Added Component: Designator=R7(tro smd 0603)
Add component (AddParameter): Name = "Chung_Loai"; Value = "Dán"; VariantName = "[No Variations]"
Add component (AddParameter): Name = "Don_Vi"; Value = "Con"; VariantName = "[No Variations]"
Add component (AddParameter): Name = "Kieu_Chan"; Value = ""; VariantName = "[No Variations]"
Add component (AddParameter): Name = "Ma_Hang"; Value = "MH006332"; VariantName = "[No Variations]"
Add component (AddParameter): Name = "So_Chan"; Value = "2"; VariantName = "[No Variations]"
Add component (AddParameter): Name = "Ten_Linh_Kien"; Value = "Tr? 0603 5% 3.3k"; VariantName = "[No Variations]"
Added Component: Designator=RA2(SOP16)
Added Pin To Net: NetName=VCC3V3 Pin=*-1
Added Pin To Net: NetName=DIO0 Pin=*-28
Added Pin To Net: NetName=SCK Pin=*-30
Added Pin To Net: NetName=MISO Pin=*-31
Added Pin To Net: NetName=GND Pin=*-32
Added Pin To Net: NetName=SDA Pin=*-33
Added Pin To Net: NetName=SCL Pin=*-36
Added Pin To Net: NetName=MOSI Pin=*-37
Added Pin To Net: NetName=GND Pin=*-38
Added Pin To Net: NetName=GND Pin=JP6-1
Added Pin To Net: NetName=VCC3V3 Pin=JP6-2
Added Pin To Net: NetName=SCL Pin=JP6-3
Added Pin To Net: NetName=SDA Pin=JP6-4
Added Pin To Net: NetName=VCC3V3 Pin=JP7-1
Added Pin To Net: NetName=GND Pin=JP7-2
Added Pin To Net: NetName=WIND_OUT Pin=R2-1
Added Pin To Net: NetName=VCC3V3 Pin=R2-2
Added Pin To Net: NetName=RAIN_OUT Pin=R7-1
Added Pin To Net: NetName=VCC3V3 Pin=R7-2
Added Pin To Net: NetName=GND Pin=RA2-1
Added Pin To Net: NetName=MOSI Pin=RA2-3
Added Pin To Net: NetName=MISO Pin=RA2-4
Added Pin To Net: NetName=SCK Pin=RA2-5
Added Pin To Net: NetName=GND Pin=RA2-8
Added Pin To Net: NetName=DIO0 Pin=RA2-12
Added Pin To Net: NetName=VCC3V3 Pin=RA2-14
Added Pin To Net: NetName=GND Pin=RA2-15
Added Pin To Net: NetName=GND Pin=RA2-16
Added Pin To Net: NetName=NSS Pin=*-29
Added Pin To Net: NetName=NSS Pin=RA2-2
Added Net: Name=NSS
Added Class: Name=Sheet2
Added Member To Class: ClassName=Sheet1 Member=Component R2 3.3k
Added Member To Class: ClassName=Sheet1 Member=Component R7 3.3k
Added Room: Name=Sheet1
Added Room: Name=Sheet2
