Added Member To Class: ClassName=Sheet1 Member=Component C? 20pF
Added Member To Class: ClassName=Sheet1 Member=Component C? 106
Added Member To Class: ClassName=Sheet1 Member=Component C? 104
Added Member To Class: ClassName=Sheet1 Member=Component C? 104
Added Member To Class: ClassName=Sheet1 Member=Component C? 104
Added Member To Class: ClassName=Sheet1 Member=Component C? 103
Added Member To Class: ClassName=Sheet1 Member=Component C? 104
Added Member To Class: ClassName=Sheet1 Member=Component C? 22pF
Added Member To Class: ClassName=Sheet1 Member=Component C? 105
Added Member To Class: ClassName=Sheet1 Member=Component C? 680uF
Added Member To Class: ClassName=Sheet1 Member=Component C? 20pF
Added Member To Class: ClassName=Sheet1 Member=Component C? 220uF
Added Member To Class: ClassName=Sheet1 Member=Component C? 104
Added Member To Class: ClassName=Sheet1 Member=Component C? 104
Added Member To Class: ClassName=Sheet1 Member=Component C? 104
Added Member To Class: ClassName=Sheet1 Member=Component C? 104
Added Member To Class: ClassName=Sheet1 Member=Component C? 105
Added Member To Class: ClassName=Sheet1 Member=Component C? 104
Added Member To Class: ClassName=Sheet1 Member=Component JP? SWD
Added Member To Class: ClassName=Sheet1 Member=Component JP? LCD OLED
Added Member To Class: ClassName=Sheet1 Member=Component JP? JP 1x3 2.54
Added Member To Class: ClassName=Sheet1 Member=Component JP? ESP32
Added Member To Class: ClassName=Sheet1 Member=Component L? LED 0805
Added Member To Class: ClassName=Sheet1 Member=Component L? LED 0805
Added Member To Class: ClassName=Sheet1 Member=Component R? 2.2k
Added Member To Class: ClassName=Sheet1 Member=Component R? 20R
Added Member To Class: ClassName=Sheet1 Member=Component R? 1k
Added Member To Class: ClassName=Sheet1 Member=Component R? 10k
Added Member To Class: ClassName=Sheet1 Member=Component R? 2.2k
Added Member To Class: ClassName=Sheet1 Member=Component R? 20R
Added Member To Class: ClassName=Sheet1 Member=Component R? 510R
Added Member To Class: ClassName=Sheet1 Member=Component R? 1M
Added Member To Class: ClassName=Sheet1 Member=Component R? 1k
Added Member To Class: ClassName=Sheet1 Member=Component R? 100k
Added Member To Class: ClassName=Sheet1 Member=Component R? 510R
Added Member To Class: ClassName=Sheet1 Member=Component R? 6.8k
Added Member To Class: ClassName=Sheet1 Member=Component R? 4.7k
Added Member To Class: ClassName=Sheet1 Member=Component U? RT9193-33GB
Added Member To Class: ClassName=Sheet1 Member=Component U? LM2596
Added Member To Class: ClassName=Sheet1 Member=Component U? LM393
Added Member To Class: ClassName=Sheet1 Member=Component U? STM32F103xx_LQFP48
Added Member To Class: ClassName=Sheet1 Member=Component U? LM393
Added Member To Class: ClassName=Sheet1 Member=Component VR? 100K
