Added Component: Designator=*?(ESP32 DEVKIT)
Added Component: Designator=JP?(JP 1x4 CT)
Add component (AddParameter): Name = "Chung_Loai"; Value = "C?m"; VariantName = "[No Variations]"
Add component (AddParameter): Name = "Don_Vi"; Value = "Con"; VariantName = "[No Variations]"
Add component (AddParameter): Name = "Ghi_Chu"; Value = ""; VariantName = "[No Variations]"
Add component (AddParameter): Name = "Kieu_Chan"; Value = ""; VariantName = "[No Variations]"
Add component (AddParameter): Name = "Ma_Hang"; Value = "MH004006"; VariantName = "[No Variations]"
Add component (AddParameter): Name = "Ten_Linh_Kien"; Value = "Jump Ðõn Cái 2.54MM 1x20P Th?ng"; VariantName = "[No Variations]"
Added Component: Designator=JP?(JP 1x2 CT)
Add component (AddParameter): Name = "Chung_Loai"; Value = "C?m"; VariantName = "[No Variations]"
Add component (AddParameter): Name = "Don_Vi"; Value = "Con"; VariantName = "[No Variations]"
Add component (AddParameter): Name = "Ghi_Chu"; Value = ""; VariantName = "[No Variations]"
Add component (AddParameter): Name = "Kieu_Chan"; Value = ""; VariantName = "[No Variations]"
Add component (AddParameter): Name = "Ma_Hang"; Value = "MH004006"; VariantName = "[No Variations]"
Add component (AddParameter): Name = "Ten_Linh_Kien"; Value = "Jump Ðõn Cái 2.54MM 1x20P Th?ng"; VariantName = "[No Variations]"
Added Component: Designator=RA?(SOP16)
Added Pin To Net: NetName=DIO0 Pin=*?-28
Added Pin To Net: NetName=DIO0 Pin=RA?-12
Added Net: Name=DIO0
Added Pin To Net: NetName=GND Pin=*?-32
Added Pin To Net: NetName=GND Pin=*?-38
Added Pin To Net: NetName=GND Pin=JP?-1
Added Pin To Net: NetName=GND Pin=JP?-2
Added Pin To Net: NetName=GND Pin=RA?-1
Added Pin To Net: NetName=GND Pin=RA?-8
Added Pin To Net: NetName=GND Pin=RA?-15
Added Pin To Net: NetName=GND Pin=RA?-16
Added Net: Name=GND
Added Pin To Net: NetName=MISO Pin=*?-31
Added Pin To Net: NetName=MISO Pin=RA?-4
Added Net: Name=MISO
Added Pin To Net: NetName=MOSI Pin=*?-37
Added Pin To Net: NetName=MOSI Pin=RA?-3
Added Net: Name=MOSI
Added Pin To Net: NetName=NSS Pin=*?-29
Added Pin To Net: NetName=NSS Pin=RA?-2
Added Net: Name=NSS
Added Pin To Net: NetName=SCK Pin=*?-30
Added Pin To Net: NetName=SCK Pin=RA?-5
Added Net: Name=SCK
Added Pin To Net: NetName=SCL Pin=*?-36
Added Pin To Net: NetName=SCL Pin=JP?-3
Added Net: Name=SCL
Added Pin To Net: NetName=SDA Pin=*?-33
Added Pin To Net: NetName=SDA Pin=JP?-4
Added Net: Name=SDA
Added Pin To Net: NetName=VCC3V3 Pin=*?-1
Added Pin To Net: NetName=VCC3V3 Pin=JP?-1
Added Pin To Net: NetName=VCC3V3 Pin=JP?-2
Added Pin To Net: NetName=VCC3V3 Pin=RA?-14
Added Net: Name=VCC3V3
Added Class: Name=Master
Added Room: Name=Master
